<?xml version="1.0" encoding="UTF-8"?>
<!-- Generated by org.testng.reporters.JUnitReportReporter -->
<testsuite skipped="0" hostname="WRHNDEV063" name="Cases.GridTest" tests="1" failures="0" timestamp="17 Jun 2017 12:26:15 GMT" time="60.115" errors="0">
  <testcase name="TC_002" time="60.115" classname="Cases.GridTest"/>
</testsuite> <!-- Cases.GridTest -->
