<?xml version="1.0" encoding="UTF-8"?>
<!-- Generated by org.testng.reporters.JUnitReportReporter -->
<testsuite skipped="0" hostname="WRHNDEV004" name="Cases.upload_file_using_robot_01" tests="1" failures="0" timestamp="3 Mar 2017 08:34:44 GMT" time="33.557" errors="0">
  <testcase name="testUpload" time="33.557" classname="Cases.upload_file_using_robot_01"/>
</testsuite> <!-- Cases.upload_file_using_robot_01 -->
