<?xml version="1.0" encoding="UTF-8"?>
<!-- Generated by org.testng.reporters.JUnitReportReporter -->
<testsuite skipped="0" hostname="WRHNDEV063" name="Cases.GetAllTextofWebpage" tests="1" failures="0" timestamp="09 Jun 2017 04:43:48 GMT" time="45.382" errors="0">
  <testcase name="getalltext" time="45.382" classname="Cases.GetAllTextofWebpage"/>
</testsuite> <!-- Cases.GetAllTextofWebpage -->
