<?xml version="1.0" encoding="UTF-8"?>
<!-- Generated by org.testng.reporters.JUnitReportReporter -->
<testsuite hostname="WRHNDEV004" name="Cases.ParallelExecution_CB" tests="2" failures="0" timestamp="28 Jul 2016 08:32:46 GMT" time="191.096" errors="0">
  <testcase name="TC_002" time="92.728" classname="Cases.ParallelExecution_CB"/>
  <testcase name="TC_002" time="98.368" classname="Cases.ParallelExecution_CB"/>
</testsuite> <!-- Cases.ParallelExecution_CB -->
