<?xml version="1.0" encoding="UTF-8"?>
<!-- Generated by org.testng.reporters.JUnitReportReporter -->
<testsuite skipped="0" hostname="WRHNDEV004" name="Cases.swithcing_between_tabs" tests="1" failures="0" timestamp="6 Mar 2017 10:54:49 GMT" time="13.000" errors="0">
  <testcase name="tabs" time="13.000" classname="Cases.swithcing_between_tabs"/>
</testsuite> <!-- Cases.swithcing_between_tabs -->
