<?xml version="1.0" encoding="UTF-8"?>
<!-- Generated by org.testng.reporters.JUnitReportReporter -->
<testsuite hostname="WRHNDEV004" name="Cases.ReadfromXML" tests="1" failures="0" timestamp="29 Aug 2016 10:58:24 GMT" time="0.055" errors="0">
  <testcase name="test2" time="0.055" classname="Cases.ReadfromXML"/>
</testsuite> <!-- Cases.ReadfromXML -->
