<?xml version="1.0" encoding="UTF-8"?>
<!-- Generated by org.testng.reporters.JUnitReportReporter -->
<testsuite skipped="0" hostname="WRHNDEV063" name="Cases.handleprintpopup" tests="1" failures="0" timestamp="19 May 2017 06:23:17 GMT" time="22.474" errors="0">
  <testcase name="printpop" time="22.474" classname="Cases.handleprintpopup"/>
</testsuite> <!-- Cases.handleprintpopup -->
