<?xml version="1.0" encoding="UTF-8"?>
<!-- Generated by org.testng.reporters.JUnitReportReporter -->
<testsuite hostname="WRHNDEV004" name="Cases.testquote" tests="1" failures="0" timestamp="25 Oct 2016 11:33:35 GMT" time="45.448" errors="0">
  <testcase name="testcase" time="45.448" classname="Cases.testquote"/>
</testsuite> <!-- Cases.testquote -->
