<?xml version="1.0" encoding="UTF-8"?>
<!-- Generated by org.testng.reporters.JUnitReportReporter -->
<testsuite hostname="WRHNDEV004" name="Cases.GridTest" tests="1" failures="0" timestamp="29 Jul 2016 09:47:43 GMT" time="59.217" errors="0">
  <testcase name="TC_002" time="59.217" classname="Cases.GridTest"/>
</testsuite> <!-- Cases.GridTest -->
